12/07/2024 20:40:23 +00:00 HTTP "GET" "/Books" responded 500 in 75.4858 ms
System.ArgumentException: Cloud name must be specified in Account!
   at CloudinaryDotNet.ApiShared..ctor(Account account)
   at CloudinaryDotNet.Api..ctor(Account account)
   at CloudinaryDotNet.Cloudinary..ctor(Account account)
   at Bookify.web.Controllers.BooksController..ctor(IMapper mapper, IWebHostEnvironment webHostEnvironment, IOptions`1 cloudinary, IImageService imageService, IValidator`1 validator, IUnitOfWork unitOfWork, IBookServices bookServices) in C:\Users\Omar\source\repos\Bookify\Bookify2\Controllers\BooksController.cs:line 42
   at lambda_method692(Closure, IServiceProvider, Object[])
   at Microsoft.AspNetCore.Mvc.Controllers.ControllerFactoryProvider.<>c__DisplayClass6_0.<CreateControllerFactory>g__CreateController|0(ControllerContext controllerContext)
   at Microsoft.AspNetCore.Mvc.Infrastructure.ControllerActionInvoker.Next(State& next, Scope& scope, Object& state, Boolean& isCompleted)
   at Microsoft.AspNetCore.Mvc.Infrastructure.ControllerActionInvoker.InvokeInnerFilterAsync()
--- End of stack trace from previous location ---
   at Microsoft.AspNetCore.Mvc.Infrastructure.ResourceInvoker.<InvokeNextResourceFilter>g__Awaited|25_0(ResourceInvoker invoker, Task lastTask, State next, Scope scope, Object state, Boolean isCompleted)
   at Microsoft.AspNetCore.Mvc.Infrastructure.ResourceInvoker.Rethrow(ResourceExecutedContextSealed context)
   at Microsoft.AspNetCore.Mvc.Infrastructure.ResourceInvoker.Next(State& next, Scope& scope, Object& state, Boolean& isCompleted)
   at Microsoft.AspNetCore.Mvc.Infrastructure.ResourceInvoker.InvokeFilterPipelineAsync()
--- End of stack trace from previous location ---
   at Microsoft.AspNetCore.Mvc.Infrastructure.ResourceInvoker.<InvokeAsync>g__Awaited|17_0(ResourceInvoker invoker, Task task, IDisposable scope)
   at Microsoft.AspNetCore.Mvc.Infrastructure.ResourceInvoker.<InvokeAsync>g__Awaited|17_0(ResourceInvoker invoker, Task task, IDisposable scope)
   at Microsoft.AspNetCore.Routing.EndpointMiddleware.<Invoke>g__AwaitRequestTask|6_0(Endpoint endpoint, Task requestTask, ILogger logger)
   at Serilog.AspNetCore.RequestLoggingMiddleware.Invoke(HttpContext httpContext)
12/07/2024 20:40:23 +00:00 An unhandled exception has occurred while executing the request.
System.ArgumentException: Cloud name must be specified in Account!
   at CloudinaryDotNet.ApiShared..ctor(Account account)
   at CloudinaryDotNet.Api..ctor(Account account)
   at CloudinaryDotNet.Cloudinary..ctor(Account account)
   at Bookify.web.Controllers.BooksController..ctor(IMapper mapper, IWebHostEnvironment webHostEnvironment, IOptions`1 cloudinary, IImageService imageService, IValidator`1 validator, IUnitOfWork unitOfWork, IBookServices bookServices) in C:\Users\Omar\source\repos\Bookify\Bookify2\Controllers\BooksController.cs:line 42
   at lambda_method692(Closure, IServiceProvider, Object[])
   at Microsoft.AspNetCore.Mvc.Controllers.ControllerFactoryProvider.<>c__DisplayClass6_0.<CreateControllerFactory>g__CreateController|0(ControllerContext controllerContext)
   at Microsoft.AspNetCore.Mvc.Infrastructure.ControllerActionInvoker.Next(State& next, Scope& scope, Object& state, Boolean& isCompleted)
   at Microsoft.AspNetCore.Mvc.Infrastructure.ControllerActionInvoker.InvokeInnerFilterAsync()
--- End of stack trace from previous location ---
   at Microsoft.AspNetCore.Mvc.Infrastructure.ResourceInvoker.<InvokeNextResourceFilter>g__Awaited|25_0(ResourceInvoker invoker, Task lastTask, State next, Scope scope, Object state, Boolean isCompleted)
   at Microsoft.AspNetCore.Mvc.Infrastructure.ResourceInvoker.Rethrow(ResourceExecutedContextSealed context)
   at Microsoft.AspNetCore.Mvc.Infrastructure.ResourceInvoker.Next(State& next, Scope& scope, Object& state, Boolean& isCompleted)
   at Microsoft.AspNetCore.Mvc.Infrastructure.ResourceInvoker.InvokeFilterPipelineAsync()
--- End of stack trace from previous location ---
   at Microsoft.AspNetCore.Mvc.Infrastructure.ResourceInvoker.<InvokeAsync>g__Awaited|17_0(ResourceInvoker invoker, Task task, IDisposable scope)
   at Microsoft.AspNetCore.Mvc.Infrastructure.ResourceInvoker.<InvokeAsync>g__Awaited|17_0(ResourceInvoker invoker, Task task, IDisposable scope)
   at Microsoft.AspNetCore.Routing.EndpointMiddleware.<Invoke>g__AwaitRequestTask|6_0(Endpoint endpoint, Task requestTask, ILogger logger)
   at Serilog.AspNetCore.RequestLoggingMiddleware.Invoke(HttpContext httpContext)
   at Bookify.Program.<>c.<<Main>b__0_2>d.MoveNext() in C:\Users\Omar\source\repos\Bookify\Bookify2\Program.cs:line 108
--- End of stack trace from previous location ---
   at Microsoft.AspNetCore.Authorization.AuthorizationMiddleware.Invoke(HttpContext context)
   at Microsoft.AspNetCore.Authentication.AuthenticationMiddleware.Invoke(HttpContext context)
   at Bookify.Program.<>c.<<Main>b__0_1>d.MoveNext() in C:\Users\Omar\source\repos\Bookify\Bookify2\Program.cs:line 67
--- End of stack trace from previous location ---
   at Microsoft.AspNetCore.Diagnostics.StatusCodePagesMiddleware.Invoke(HttpContext context)
   at Bookify.Middlewares.RequestCultureMiddleware.InvokeAsync(HttpContext context) in C:\Users\Omar\source\repos\Bookify\Bookify2\Middlewares\RequestCultureMiddleware.cs:line 46
   at Microsoft.AspNetCore.Localization.RequestLocalizationMiddleware.Invoke(HttpContext context)
   at Microsoft.AspNetCore.Diagnostics.DeveloperExceptionPageMiddlewareImpl.Invoke(HttpContext context)
