10/12/2024 16:10:34 +01:00 HTTP "GET" "/Home/SetLanguage" responded 500 in 107.0447 ms
System.InvalidOperationException: The supplied URL is not local. A URL with an absolute path is considered local if it does not have a host/authority part. URLs using virtual paths ('~/') are also local.
   at Microsoft.AspNetCore.Mvc.Infrastructure.LocalRedirectResultExecutor.ExecuteAsync(ActionContext context, LocalRedirectResult result)
   at Microsoft.AspNetCore.Mvc.Infrastructure.ResourceInvoker.ResultNext[TFilter,TFilterAsync](State& next, Scope& scope, Object& state, Boolean& isCompleted)
   at Microsoft.AspNetCore.Mvc.Infrastructure.ResourceInvoker.InvokeNextResultFilterAsync[TFilter,TFilterAsync]()
--- End of stack trace from previous location ---
   at Microsoft.AspNetCore.Mvc.Infrastructure.ResourceInvoker.Rethrow(ResultExecutedContextSealed context)
   at Microsoft.AspNetCore.Mvc.Infrastructure.ResourceInvoker.ResultNext[TFilter,TFilterAsync](State& next, Scope& scope, Object& state, Boolean& isCompleted)
   at Microsoft.AspNetCore.Mvc.Infrastructure.ResourceInvoker.InvokeResultFilters()
--- End of stack trace from previous location ---
   at Microsoft.AspNetCore.Mvc.Infrastructure.ResourceInvoker.<InvokeNextResourceFilter>g__Awaited|25_0(ResourceInvoker invoker, Task lastTask, State next, Scope scope, Object state, Boolean isCompleted)
   at Microsoft.AspNetCore.Mvc.Infrastructure.ResourceInvoker.Rethrow(ResourceExecutedContextSealed context)
   at Microsoft.AspNetCore.Mvc.Infrastructure.ResourceInvoker.Next(State& next, Scope& scope, Object& state, Boolean& isCompleted)
   at Microsoft.AspNetCore.Mvc.Infrastructure.ResourceInvoker.InvokeFilterPipelineAsync()
--- End of stack trace from previous location ---
   at Microsoft.AspNetCore.Mvc.Infrastructure.ResourceInvoker.<InvokeAsync>g__Awaited|17_0(ResourceInvoker invoker, Task task, IDisposable scope)
   at Microsoft.AspNetCore.Mvc.Infrastructure.ResourceInvoker.<InvokeAsync>g__Awaited|17_0(ResourceInvoker invoker, Task task, IDisposable scope)
   at Microsoft.AspNetCore.Routing.EndpointMiddleware.<Invoke>g__AwaitRequestTask|6_0(Endpoint endpoint, Task requestTask, ILogger logger)
   at Serilog.AspNetCore.RequestLoggingMiddleware.Invoke(HttpContext httpContext)
10/12/2024 16:10:34 +01:00 An unhandled exception has occurred while executing the request.
System.InvalidOperationException: The supplied URL is not local. A URL with an absolute path is considered local if it does not have a host/authority part. URLs using virtual paths ('~/') are also local.
   at Microsoft.AspNetCore.Mvc.Infrastructure.LocalRedirectResultExecutor.ExecuteAsync(ActionContext context, LocalRedirectResult result)
   at Microsoft.AspNetCore.Mvc.Infrastructure.ResourceInvoker.ResultNext[TFilter,TFilterAsync](State& next, Scope& scope, Object& state, Boolean& isCompleted)
   at Microsoft.AspNetCore.Mvc.Infrastructure.ResourceInvoker.InvokeNextResultFilterAsync[TFilter,TFilterAsync]()
--- End of stack trace from previous location ---
   at Microsoft.AspNetCore.Mvc.Infrastructure.ResourceInvoker.Rethrow(ResultExecutedContextSealed context)
   at Microsoft.AspNetCore.Mvc.Infrastructure.ResourceInvoker.ResultNext[TFilter,TFilterAsync](State& next, Scope& scope, Object& state, Boolean& isCompleted)
   at Microsoft.AspNetCore.Mvc.Infrastructure.ResourceInvoker.InvokeResultFilters()
--- End of stack trace from previous location ---
   at Microsoft.AspNetCore.Mvc.Infrastructure.ResourceInvoker.<InvokeNextResourceFilter>g__Awaited|25_0(ResourceInvoker invoker, Task lastTask, State next, Scope scope, Object state, Boolean isCompleted)
   at Microsoft.AspNetCore.Mvc.Infrastructure.ResourceInvoker.Rethrow(ResourceExecutedContextSealed context)
   at Microsoft.AspNetCore.Mvc.Infrastructure.ResourceInvoker.Next(State& next, Scope& scope, Object& state, Boolean& isCompleted)
   at Microsoft.AspNetCore.Mvc.Infrastructure.ResourceInvoker.InvokeFilterPipelineAsync()
--- End of stack trace from previous location ---
   at Microsoft.AspNetCore.Mvc.Infrastructure.ResourceInvoker.<InvokeAsync>g__Awaited|17_0(ResourceInvoker invoker, Task task, IDisposable scope)
   at Microsoft.AspNetCore.Mvc.Infrastructure.ResourceInvoker.<InvokeAsync>g__Awaited|17_0(ResourceInvoker invoker, Task task, IDisposable scope)
   at Microsoft.AspNetCore.Routing.EndpointMiddleware.<Invoke>g__AwaitRequestTask|6_0(Endpoint endpoint, Task requestTask, ILogger logger)
   at Serilog.AspNetCore.RequestLoggingMiddleware.Invoke(HttpContext httpContext)
   at Bookify.Program.<>c.<<Main>b__0_2>d.MoveNext() in C:\Users\Omar\source\repos\Bookify\Bookify2\Program.cs:line 107
--- End of stack trace from previous location ---
   at Microsoft.AspNetCore.Authorization.AuthorizationMiddleware.Invoke(HttpContext context)
   at Microsoft.AspNetCore.Authentication.AuthenticationMiddleware.Invoke(HttpContext context)
   at Bookify.Program.<>c.<<Main>b__0_1>d.MoveNext() in C:\Users\Omar\source\repos\Bookify\Bookify2\Program.cs:line 66
--- End of stack trace from previous location ---
   at Microsoft.AspNetCore.Diagnostics.StatusCodePagesMiddleware.Invoke(HttpContext context)
   at Bookify.Middlewares.RequestCultureMiddleware.InvokeAsync(HttpContext context) in C:\Users\Omar\source\repos\Bookify\Bookify2\Middlewares\RequestCultureMiddleware.cs:line 46
   at Microsoft.AspNetCore.Diagnostics.DeveloperExceptionPageMiddlewareImpl.Invoke(HttpContext context)
10/12/2024 16:12:41 +01:00 Execution Worker is in the Failed state now due to an exception, execution will be retried no more than in 00:05:00
Microsoft.Data.SqlClient.SqlException (0x80131904): A network-related or instance-specific error occurred while establishing a connection to SQL Server. The server was not found or was not accessible. Verify that the instance name is correct and that SQL Server is configured to allow remote connections. (provider: Shared Memory Provider, error: 40 - Could not open a connection to SQL Server)
 ---> System.ComponentModel.Win32Exception (2): The system cannot find the file specified.
   at Microsoft.Data.ProviderBase.DbConnectionPool.TryGetConnection(DbConnection owningObject, UInt32 waitForMultipleObjectsTimeout, Boolean allowCreate, Boolean onlyOneCheckConnection, DbConnectionOptions userOptions, DbConnectionInternal& connection)
   at Microsoft.Data.ProviderBase.DbConnectionPool.TryGetConnection(DbConnection owningObject, TaskCompletionSource`1 retry, DbConnectionOptions userOptions, DbConnectionInternal& connection)
   at Microsoft.Data.ProviderBase.DbConnectionFactory.TryGetConnection(DbConnection owningConnection, TaskCompletionSource`1 retry, DbConnectionOptions userOptions, DbConnectionInternal oldConnection, DbConnectionInternal& connection)
   at Microsoft.Data.ProviderBase.DbConnectionInternal.TryOpenConnectionInternal(DbConnection outerConnection, DbConnectionFactory connectionFactory, TaskCompletionSource`1 retry, DbConnectionOptions userOptions)
   at Microsoft.Data.SqlClient.SqlConnection.TryOpen(TaskCompletionSource`1 retry, SqlConnectionOverrides overrides)
   at Microsoft.Data.SqlClient.SqlConnection.Open(SqlConnectionOverrides overrides)
   at Hangfire.SqlServer.SqlServerStorage.CreateAndOpenConnection() in C:\projects\hangfire-525\src\Hangfire.SqlServer\SqlServerStorage.cs:line 376
   at Hangfire.SqlServer.SqlServerStorage.UseConnection[T](DbConnection dedicatedConnection, Func`2 func) in C:\projects\hangfire-525\src\Hangfire.SqlServer\SqlServerStorage.cs:line 266
   at Hangfire.SqlServer.SqlServerJobQueue.DequeueUsingSlidingInvisibilityTimeout(String[] queues, CancellationToken cancellationToken) in C:\projects\hangfire-525\src\Hangfire.SqlServer\SqlServerJobQueue.cs:line 101
   at Hangfire.SqlServer.SqlServerJobQueue.Dequeue(String[] queues, CancellationToken cancellationToken) in C:\projects\hangfire-525\src\Hangfire.SqlServer\SqlServerJobQueue.cs:line 67
   at Hangfire.SqlServer.SqlServerConnection.FetchNextJob(String[] queues, CancellationToken cancellationToken) in C:\projects\hangfire-525\src\Hangfire.SqlServer\SqlServerConnection.cs:line 81
   at Hangfire.Server.Worker.Execute(BackgroundProcessContext context) in C:\projects\hangfire-525\src\Hangfire.Core\Server\Worker.cs:line 102
   at Hangfire.Server.BackgroundProcessDispatcherBuilder.ExecuteProcess(Guid executionId, Object state) in C:\projects\hangfire-525\src\Hangfire.Core\Server\BackgroundProcessDispatcherBuilder.cs:line 82
   at Hangfire.Processing.BackgroundExecution.Run(Action`2 callback, Object state) in C:\projects\hangfire-525\src\Hangfire.Core\Processing\BackgroundExecution.cs:line 118
ClientConnectionId:00000000-0000-0000-0000-000000000000
Error Number:2,State:0,Class:20
10/12/2024 16:12:41 +01:00 Execution RecurringJobScheduler is in the Failed state now due to an exception, execution will be retried no more than in 00:00:09
Microsoft.Data.SqlClient.SqlException (0x80131904): A network-related or instance-specific error occurred while establishing a connection to SQL Server. The server was not found or was not accessible. Verify that the instance name is correct and that SQL Server is configured to allow remote connections. (provider: Shared Memory Provider, error: 40 - Could not open a connection to SQL Server)
 ---> System.ComponentModel.Win32Exception (2): The system cannot find the file specified.
   at Microsoft.Data.ProviderBase.DbConnectionPool.TryGetConnection(DbConnection owningObject, UInt32 waitForMultipleObjectsTimeout, Boolean allowCreate, Boolean onlyOneCheckConnection, DbConnectionOptions userOptions, DbConnectionInternal& connection)
   at Microsoft.Data.ProviderBase.DbConnectionPool.TryGetConnection(DbConnection owningObject, TaskCompletionSource`1 retry, DbConnectionOptions userOptions, DbConnectionInternal& connection)
   at Microsoft.Data.ProviderBase.DbConnectionFactory.TryGetConnection(DbConnection owningConnection, TaskCompletionSource`1 retry, DbConnectionOptions userOptions, DbConnectionInternal oldConnection, DbConnectionInternal& connection)
   at Microsoft.Data.ProviderBase.DbConnectionInternal.TryOpenConnectionInternal(DbConnection outerConnection, DbConnectionFactory connectionFactory, TaskCompletionSource`1 retry, DbConnectionOptions userOptions)
   at Microsoft.Data.SqlClient.SqlConnection.TryOpen(TaskCompletionSource`1 retry, SqlConnectionOverrides overrides)
   at Microsoft.Data.SqlClient.SqlConnection.Open(SqlConnectionOverrides overrides)
   at Hangfire.SqlServer.SqlServerStorage.CreateAndOpenConnection() in C:\projects\hangfire-525\src\Hangfire.SqlServer\SqlServerStorage.cs:line 376
   at Hangfire.SqlServer.SqlServerConnection.AcquireLock(String resource, TimeSpan timeout) in C:\projects\hangfire-525\src\Hangfire.SqlServer\SqlServerConnection.cs:line 737
   at Hangfire.Server.RecurringJobScheduler.UseConnectionDistributedLock[T](JobStorage storage, Func`2 action) in C:\projects\hangfire-525\src\Hangfire.Core\Server\RecurringJobScheduler.cs:line 423
   at Hangfire.Server.RecurringJobScheduler.EnqueueNextRecurringJobs(BackgroundProcessContext context) in C:\projects\hangfire-525\src\Hangfire.Core\Server\RecurringJobScheduler.cs:line 203
   at Hangfire.Server.RecurringJobScheduler.Execute(BackgroundProcessContext context) in C:\projects\hangfire-525\src\Hangfire.Core\Server\RecurringJobScheduler.cs:line 176
   at Hangfire.Server.BackgroundProcessDispatcherBuilder.ExecuteProcess(Guid executionId, Object state) in C:\projects\hangfire-525\src\Hangfire.Core\Server\BackgroundProcessDispatcherBuilder.cs:line 82
   at Hangfire.Processing.BackgroundExecution.Run(Action`2 callback, Object state) in C:\projects\hangfire-525\src\Hangfire.Core\Processing\BackgroundExecution.cs:line 118
ClientConnectionId:00000000-0000-0000-0000-000000000000
Error Number:2,State:0,Class:20
10/12/2024 16:12:41 +01:00 Execution DelayedJobScheduler is in the Failed state now due to an exception, execution will be retried no more than in 00:00:09
Microsoft.Data.SqlClient.SqlException (0x80131904): A network-related or instance-specific error occurred while establishing a connection to SQL Server. The server was not found or was not accessible. Verify that the instance name is correct and that SQL Server is configured to allow remote connections. (provider: Shared Memory Provider, error: 40 - Could not open a connection to SQL Server)
 ---> System.ComponentModel.Win32Exception (2): The system cannot find the file specified.
   at Microsoft.Data.SqlClient.TdsParser.ThrowExceptionAndWarning(TdsParserStateObject stateObj, Boolean callerHasConnectionLock, Boolean asyncClose)
   at Microsoft.Data.SqlClient.TdsParser.Connect(ServerInfo serverInfo, SqlInternalConnectionTds connHandler, Boolean ignoreSniOpenTimeout, Int64 timerExpire, SqlConnectionString connectionOptions, Boolean withFailover)
   at Microsoft.Data.SqlClient.SqlInternalConnectionTds.AttemptOneLogin(ServerInfo serverInfo, String newPassword, SecureString newSecurePassword, Boolean ignoreSniOpenTimeout, TimeoutTimer timeout, Boolean withFailover)
   at Microsoft.Data.SqlClient.SqlInternalConnectionTds.LoginNoFailover(ServerInfo serverInfo, String newPassword, SecureString newSecurePassword, Boolean redirectedUserInstance, SqlConnectionString connectionOptions, SqlCredential credential, TimeoutTimer timeout)
   at Microsoft.Data.SqlClient.SqlInternalConnectionTds.OpenLoginEnlist(TimeoutTimer timeout, SqlConnectionString connectionOptions, SqlCredential credential, String newPassword, SecureString newSecurePassword, Boolean redirectedUserInstance)
   at Microsoft.Data.SqlClient.SqlInternalConnectionTds..ctor(DbConnectionPoolIdentity identity, SqlConnectionString connectionOptions, SqlCredential credential, Object providerInfo, String newPassword, SecureString newSecurePassword, Boolean redirectedUserInstance, SqlConnectionString userConnectionOptions, SessionData reconnectSessionData, Boolean applyTransientFaultHandling, String accessToken, DbConnectionPool pool)
   at Microsoft.Data.SqlClient.SqlConnectionFactory.CreateConnection(DbConnectionOptions options, DbConnectionPoolKey poolKey, Object poolGroupProviderInfo, DbConnectionPool pool, DbConnection owningConnection, DbConnectionOptions userOptions)
   at Microsoft.Data.ProviderBase.DbConnectionFactory.CreatePooledConnection(DbConnectionPool pool, DbConnection owningObject, DbConnectionOptions options, DbConnectionPoolKey poolKey, DbConnectionOptions userOptions)
   at Microsoft.Data.ProviderBase.DbConnectionPool.CreateObject(DbConnection owningObject, DbConnectionOptions userOptions, DbConnectionInternal oldConnection)
   at Microsoft.Data.ProviderBase.DbConnectionPool.UserCreateRequest(DbConnection owningObject, DbConnectionOptions userOptions, DbConnectionInternal oldConnection)
   at Microsoft.Data.ProviderBase.DbConnectionPool.TryGetConnection(DbConnection owningObject, UInt32 waitForMultipleObjectsTimeout, Boolean allowCreate, Boolean onlyOneCheckConnection, DbConnectionOptions userOptions, DbConnectionInternal& connection)
   at Microsoft.Data.ProviderBase.DbConnectionPool.TryGetConnection(DbConnection owningObject, TaskCompletionSource`1 retry, DbConnectionOptions userOptions, DbConnectionInternal& connection)
   at Microsoft.Data.ProviderBase.DbConnectionFactory.TryGetConnection(DbConnection owningConnection, TaskCompletionSource`1 retry, DbConnectionOptions userOptions, DbConnectionInternal oldConnection, DbConnectionInternal& connection)
   at Microsoft.Data.ProviderBase.DbConnectionInternal.TryOpenConnectionInternal(DbConnection outerConnection, DbConnectionFactory connectionFactory, TaskCompletionSource`1 retry, DbConnectionOptions userOptions)
   at Microsoft.Data.SqlClient.SqlConnection.TryOpen(TaskCompletionSource`1 retry, SqlConnectionOverrides overrides)
   at Microsoft.Data.SqlClient.SqlConnection.Open(SqlConnectionOverrides overrides)
   at Hangfire.SqlServer.SqlServerStorage.CreateAndOpenConnection() in C:\projects\hangfire-525\src\Hangfire.SqlServer\SqlServerStorage.cs:line 376
   at Hangfire.SqlServer.SqlServerConnection.AcquireLock(String resource, TimeSpan timeout) in C:\projects\hangfire-525\src\Hangfire.SqlServer\SqlServerConnection.cs:line 737
   at Hangfire.Server.DelayedJobScheduler.UseConnectionDistributedLock[T](JobStorage storage, Func`2 action) in C:\projects\hangfire-525\src\Hangfire.Core\Server\DelayedJobScheduler.cs:line 409
   at Hangfire.Server.DelayedJobScheduler.EnqueueNextScheduledJobs(BackgroundProcessContext context) in C:\projects\hangfire-525\src\Hangfire.Core\Server\DelayedJobScheduler.cs:line 165
   at Hangfire.Server.DelayedJobScheduler.Execute(BackgroundProcessContext context) in C:\projects\hangfire-525\src\Hangfire.Core\Server\DelayedJobScheduler.cs:line 146
   at Hangfire.Server.BackgroundProcessDispatcherBuilder.ExecuteProcess(Guid executionId, Object state) in C:\projects\hangfire-525\src\Hangfire.Core\Server\BackgroundProcessDispatcherBuilder.cs:line 82
   at Hangfire.Processing.BackgroundExecution.Run(Action`2 callback, Object state) in C:\projects\hangfire-525\src\Hangfire.Core\Processing\BackgroundExecution.cs:line 118
ClientConnectionId:00000000-0000-0000-0000-000000000000
Error Number:2,State:0,Class:20
10/12/2024 16:14:44 +01:00 Execution ServerWatchdog is in the Failed state now due to an exception, execution will be retried no more than in 00:00:25
Microsoft.Data.SqlClient.SqlException (0x80131904): Login failed for user 'MicrosoftAccount\omarahmedamer11@gmail.com'. Reason: Server is in single user mode. Only one administrator can connect at this time.
   at Microsoft.Data.SqlClient.TdsParser.ThrowExceptionAndWarning(TdsParserStateObject stateObj, Boolean callerHasConnectionLock, Boolean asyncClose)
   at Microsoft.Data.SqlClient.TdsParser.TryRun(RunBehavior runBehavior, SqlCommand cmdHandler, SqlDataReader dataStream, BulkCopySimpleResultSet bulkCopyHandler, TdsParserStateObject stateObj, Boolean& dataReady)
   at Microsoft.Data.SqlClient.TdsParser.Run(RunBehavior runBehavior, SqlCommand cmdHandler, SqlDataReader dataStream, BulkCopySimpleResultSet bulkCopyHandler, TdsParserStateObject stateObj)
   at Microsoft.Data.SqlClient.SqlInternalConnectionTds.CompleteLogin(Boolean enlistOK)
   at Microsoft.Data.SqlClient.SqlInternalConnectionTds.AttemptOneLogin(ServerInfo serverInfo, String newPassword, SecureString newSecurePassword, Boolean ignoreSniOpenTimeout, TimeoutTimer timeout, Boolean withFailover)
   at Microsoft.Data.SqlClient.SqlInternalConnectionTds.LoginNoFailover(ServerInfo serverInfo, String newPassword, SecureString newSecurePassword, Boolean redirectedUserInstance, SqlConnectionString connectionOptions, SqlCredential credential, TimeoutTimer timeout)
   at Microsoft.Data.SqlClient.SqlInternalConnectionTds.OpenLoginEnlist(TimeoutTimer timeout, SqlConnectionString connectionOptions, SqlCredential credential, String newPassword, SecureString newSecurePassword, Boolean redirectedUserInstance)
   at Microsoft.Data.SqlClient.SqlInternalConnectionTds..ctor(DbConnectionPoolIdentity identity, SqlConnectionString connectionOptions, SqlCredential credential, Object providerInfo, String newPassword, SecureString newSecurePassword, Boolean redirectedUserInstance, SqlConnectionString userConnectionOptions, SessionData reconnectSessionData, Boolean applyTransientFaultHandling, String accessToken, DbConnectionPool pool)
   at Microsoft.Data.SqlClient.SqlConnectionFactory.CreateConnection(DbConnectionOptions options, DbConnectionPoolKey poolKey, Object poolGroupProviderInfo, DbConnectionPool pool, DbConnection owningConnection, DbConnectionOptions userOptions)
   at Microsoft.Data.ProviderBase.DbConnectionFactory.CreatePooledConnection(DbConnectionPool pool, DbConnection owningObject, DbConnectionOptions options, DbConnectionPoolKey poolKey, DbConnectionOptions userOptions)
   at Microsoft.Data.ProviderBase.DbConnectionPool.CreateObject(DbConnection owningObject, DbConnectionOptions userOptions, DbConnectionInternal oldConnection)
   at Microsoft.Data.ProviderBase.DbConnectionPool.UserCreateRequest(DbConnection owningObject, DbConnectionOptions userOptions, DbConnectionInternal oldConnection)
   at Microsoft.Data.ProviderBase.DbConnectionPool.TryGetConnection(DbConnection owningObject, UInt32 waitForMultipleObjectsTimeout, Boolean allowCreate, Boolean onlyOneCheckConnection, DbConnectionOptions userOptions, DbConnectionInternal& connection)
   at Microsoft.Data.ProviderBase.DbConnectionPool.TryGetConnection(DbConnection owningObject, TaskCompletionSource`1 retry, DbConnectionOptions userOptions, DbConnectionInternal& connection)
   at Microsoft.Data.ProviderBase.DbConnectionFactory.TryGetConnection(DbConnection owningConnection, TaskCompletionSource`1 retry, DbConnectionOptions userOptions, DbConnectionInternal oldConnection, DbConnectionInternal& connection)
   at Microsoft.Data.ProviderBase.DbConnectionInternal.TryOpenConnectionInternal(DbConnection outerConnection, DbConnectionFactory connectionFactory, TaskCompletionSource`1 retry, DbConnectionOptions userOptions)
   at Microsoft.Data.SqlClient.SqlConnection.TryOpen(TaskCompletionSource`1 retry, SqlConnectionOverrides overrides)
   at Microsoft.Data.SqlClient.SqlConnection.Open(SqlConnectionOverrides overrides)
   at Hangfire.SqlServer.SqlServerStorage.CreateAndOpenConnection() in C:\projects\hangfire-525\src\Hangfire.SqlServer\SqlServerStorage.cs:line 376
   at Hangfire.SqlServer.SqlServerStorage.UseConnection[T](DbConnection dedicatedConnection, Func`2 func) in C:\projects\hangfire-525\src\Hangfire.SqlServer\SqlServerStorage.cs:line 256
   at Hangfire.SqlServer.SqlServerConnection.RemoveTimedOutServers(TimeSpan timeOut) in C:\projects\hangfire-525\src\Hangfire.SqlServer\SqlServerConnection.cs:line 528
   at Hangfire.Server.ServerWatchdog.Execute(BackgroundProcessContext context) in C:\projects\hangfire-525\src\Hangfire.Core\Server\ServerWatchdog.cs:line 44
   at Hangfire.Server.BackgroundProcessDispatcherBuilder.ExecuteProcess(Guid executionId, Object state) in C:\projects\hangfire-525\src\Hangfire.Core\Server\BackgroundProcessDispatcherBuilder.cs:line 82
   at Hangfire.Processing.BackgroundExecution.Run(Action`2 callback, Object state) in C:\projects\hangfire-525\src\Hangfire.Core\Processing\BackgroundExecution.cs:line 118
ClientConnectionId:932d0f3e-f423-4b60-8f0d-04906502ecb1
Error Number:18461,State:1,Class:14
10/12/2024 16:14:44 +01:00 Execution CountersAggregator is in the Failed state now due to an exception, execution will be retried no more than in 00:00:25
Microsoft.Data.SqlClient.SqlException (0x80131904): Login failed for user 'MicrosoftAccount\omarahmedamer11@gmail.com'. Reason: Server is in single user mode. Only one administrator can connect at this time.
   at Microsoft.Data.ProviderBase.DbConnectionPool.TryGetConnection(DbConnection owningObject, UInt32 waitForMultipleObjectsTimeout, Boolean allowCreate, Boolean onlyOneCheckConnection, DbConnectionOptions userOptions, DbConnectionInternal& connection)
   at Microsoft.Data.ProviderBase.DbConnectionPool.TryGetConnection(DbConnection owningObject, TaskCompletionSource`1 retry, DbConnectionOptions userOptions, DbConnectionInternal& connection)
   at Microsoft.Data.ProviderBase.DbConnectionFactory.TryGetConnection(DbConnection owningConnection, TaskCompletionSource`1 retry, DbConnectionOptions userOptions, DbConnectionInternal oldConnection, DbConnectionInternal& connection)
   at Microsoft.Data.ProviderBase.DbConnectionInternal.TryOpenConnectionInternal(DbConnection outerConnection, DbConnectionFactory connectionFactory, TaskCompletionSource`1 retry, DbConnectionOptions userOptions)
   at Microsoft.Data.SqlClient.SqlConnection.TryOpen(TaskCompletionSource`1 retry, SqlConnectionOverrides overrides)
   at Microsoft.Data.SqlClient.SqlConnection.Open(SqlConnectionOverrides overrides)
   at Hangfire.SqlServer.SqlServerStorage.CreateAndOpenConnection() in C:\projects\hangfire-525\src\Hangfire.SqlServer\SqlServerStorage.cs:line 376
   at Hangfire.SqlServer.SqlServerStorage.UseConnection[T](DbConnection dedicatedConnection, Func`2 func) in C:\projects\hangfire-525\src\Hangfire.SqlServer\SqlServerStorage.cs:line 266
   at Hangfire.SqlServer.SqlServerStorage.UseConnection(DbConnection dedicatedConnection, Action`1 action) in C:\projects\hangfire-525\src\Hangfire.SqlServer\SqlServerStorage.cs:line 243
   at Hangfire.SqlServer.CountersAggregator.Execute(CancellationToken cancellationToken) in C:\projects\hangfire-525\src\Hangfire.SqlServer\CountersAggregator.cs:line 55
   at Hangfire.Processing.BackgroundExecution.Run(Action`2 callback, Object state) in C:\projects\hangfire-525\src\Hangfire.Core\Processing\BackgroundExecution.cs:line 118
ClientConnectionId:932d0f3e-f423-4b60-8f0d-04906502ecb1
Error Number:18461,State:1,Class:14
10/12/2024 16:31:59 +01:00 An unhandled exception has occurred while executing the request.
System.ArgumentException: An item with the same key has already been added. Key: X-Frame-Options
   at System.Collections.Generic.Dictionary`2.TryInsert(TKey key, TValue value, InsertionBehavior behavior)
   at System.Collections.Generic.Dictionary`2.Add(TKey key, TValue value)
   at Bookify.Program.<>c.<<Main>b__0_1>d.MoveNext() in C:\Users\Omar\source\repos\Bookify\Bookify2\Program.cs:line 65
--- End of stack trace from previous location ---
   at Microsoft.AspNetCore.Builder.StatusCodePagesExtensions.<>c__DisplayClass7_0.<<CreateHandler>b__0>d.MoveNext()
--- End of stack trace from previous location ---
   at Microsoft.AspNetCore.Diagnostics.StatusCodePagesMiddleware.Invoke(HttpContext context)
   at Bookify.Middlewares.RequestCultureMiddleware.InvokeAsync(HttpContext context) in C:\Users\Omar\source\repos\Bookify\Bookify2\Middlewares\RequestCultureMiddleware.cs:line 46
   at Microsoft.AspNetCore.Diagnostics.DeveloperExceptionPageMiddlewareImpl.Invoke(HttpContext context)
10/12/2024 19:11:38 +01:00 An unhandled exception has occurred while executing the request.
System.ArgumentException: An item with the same key has already been added. Key: X-Frame-Options
   at System.Collections.Generic.Dictionary`2.TryInsert(TKey key, TValue value, InsertionBehavior behavior)
   at System.Collections.Generic.Dictionary`2.Add(TKey key, TValue value)
   at Bookify.Program.<>c.<<Main>b__0_1>d.MoveNext() in C:\Users\Omar\source\repos\Bookify\Bookify2\Program.cs:line 65
--- End of stack trace from previous location ---
   at Microsoft.AspNetCore.Builder.StatusCodePagesExtensions.<>c__DisplayClass7_0.<<CreateHandler>b__0>d.MoveNext()
--- End of stack trace from previous location ---
   at Microsoft.AspNetCore.Diagnostics.StatusCodePagesMiddleware.Invoke(HttpContext context)
   at Bookify.Middlewares.RequestCultureMiddleware.InvokeAsync(HttpContext context) in C:\Users\Omar\source\repos\Bookify\Bookify2\Middlewares\RequestCultureMiddleware.cs:line 46
   at Microsoft.AspNetCore.Diagnostics.DeveloperExceptionPageMiddlewareImpl.Invoke(HttpContext context)
10/12/2024 19:18:58 +01:00 An unhandled exception has occurred while executing the request.
System.ArgumentException: An item with the same key has already been added. Key: X-Frame-Options
   at System.Collections.Generic.Dictionary`2.TryInsert(TKey key, TValue value, InsertionBehavior behavior)
   at System.Collections.Generic.Dictionary`2.Add(TKey key, TValue value)
   at Bookify.Program.<>c.<<Main>b__0_1>d.MoveNext() in C:\Users\Omar\source\repos\Bookify\Bookify2\Program.cs:line 65
--- End of stack trace from previous location ---
   at Microsoft.AspNetCore.Builder.StatusCodePagesExtensions.<>c__DisplayClass7_0.<<CreateHandler>b__0>d.MoveNext()
--- End of stack trace from previous location ---
   at Microsoft.AspNetCore.Diagnostics.StatusCodePagesMiddleware.Invoke(HttpContext context)
   at Bookify.Middlewares.RequestCultureMiddleware.InvokeAsync(HttpContext context) in C:\Users\Omar\source\repos\Bookify\Bookify2\Middlewares\RequestCultureMiddleware.cs:line 46
   at Microsoft.AspNetCore.Diagnostics.DeveloperExceptionPageMiddlewareImpl.Invoke(HttpContext context)
10/12/2024 19:19:05 +01:00 An unhandled exception has occurred while executing the request.
System.ArgumentException: An item with the same key has already been added. Key: X-Frame-Options
   at System.Collections.Generic.Dictionary`2.TryInsert(TKey key, TValue value, InsertionBehavior behavior)
   at System.Collections.Generic.Dictionary`2.Add(TKey key, TValue value)
   at Bookify.Program.<>c.<<Main>b__0_1>d.MoveNext() in C:\Users\Omar\source\repos\Bookify\Bookify2\Program.cs:line 65
--- End of stack trace from previous location ---
   at Microsoft.AspNetCore.Builder.StatusCodePagesExtensions.<>c__DisplayClass7_0.<<CreateHandler>b__0>d.MoveNext()
--- End of stack trace from previous location ---
   at Microsoft.AspNetCore.Diagnostics.StatusCodePagesMiddleware.Invoke(HttpContext context)
   at Bookify.Middlewares.RequestCultureMiddleware.InvokeAsync(HttpContext context) in C:\Users\Omar\source\repos\Bookify\Bookify2\Middlewares\RequestCultureMiddleware.cs:line 46
   at Microsoft.AspNetCore.Diagnostics.DeveloperExceptionPageMiddlewareImpl.Invoke(HttpContext context)
10/12/2024 19:19:35 +01:00 An unhandled exception has occurred while executing the request.
System.ArgumentException: An item with the same key has already been added. Key: X-Frame-Options
   at System.Collections.Generic.Dictionary`2.TryInsert(TKey key, TValue value, InsertionBehavior behavior)
   at System.Collections.Generic.Dictionary`2.Add(TKey key, TValue value)
   at Bookify.Program.<>c.<<Main>b__0_1>d.MoveNext() in C:\Users\Omar\source\repos\Bookify\Bookify2\Program.cs:line 65
--- End of stack trace from previous location ---
   at Microsoft.AspNetCore.Builder.StatusCodePagesExtensions.<>c__DisplayClass7_0.<<CreateHandler>b__0>d.MoveNext()
--- End of stack trace from previous location ---
   at Microsoft.AspNetCore.Diagnostics.StatusCodePagesMiddleware.Invoke(HttpContext context)
   at Bookify.Middlewares.RequestCultureMiddleware.InvokeAsync(HttpContext context) in C:\Users\Omar\source\repos\Bookify\Bookify2\Middlewares\RequestCultureMiddleware.cs:line 46
   at Microsoft.AspNetCore.Diagnostics.DeveloperExceptionPageMiddlewareImpl.Invoke(HttpContext context)
10/12/2024 19:20:02 +01:00 An unhandled exception has occurred while executing the request.
System.ArgumentException: An item with the same key has already been added. Key: X-Frame-Options
   at System.Collections.Generic.Dictionary`2.TryInsert(TKey key, TValue value, InsertionBehavior behavior)
   at System.Collections.Generic.Dictionary`2.Add(TKey key, TValue value)
   at Bookify.Program.<>c.<<Main>b__0_1>d.MoveNext() in C:\Users\Omar\source\repos\Bookify\Bookify2\Program.cs:line 65
--- End of stack trace from previous location ---
   at Microsoft.AspNetCore.Builder.StatusCodePagesExtensions.<>c__DisplayClass7_0.<<CreateHandler>b__0>d.MoveNext()
--- End of stack trace from previous location ---
   at Microsoft.AspNetCore.Diagnostics.StatusCodePagesMiddleware.Invoke(HttpContext context)
   at Bookify.Middlewares.RequestCultureMiddleware.InvokeAsync(HttpContext context) in C:\Users\Omar\source\repos\Bookify\Bookify2\Middlewares\RequestCultureMiddleware.cs:line 46
   at Microsoft.AspNetCore.Diagnostics.DeveloperExceptionPageMiddlewareImpl.Invoke(HttpContext context)
10/12/2024 19:24:20 +01:00 An unhandled exception has occurred while executing the request.
System.ArgumentException: An item with the same key has already been added. Key: X-Frame-Options
   at System.Collections.Generic.Dictionary`2.TryInsert(TKey key, TValue value, InsertionBehavior behavior)
   at System.Collections.Generic.Dictionary`2.Add(TKey key, TValue value)
   at Bookify.Program.<>c.<<Main>b__0_1>d.MoveNext() in C:\Users\Omar\source\repos\Bookify\Bookify2\Program.cs:line 65
--- End of stack trace from previous location ---
   at Microsoft.AspNetCore.Builder.StatusCodePagesExtensions.<>c__DisplayClass7_0.<<CreateHandler>b__0>d.MoveNext()
--- End of stack trace from previous location ---
   at Microsoft.AspNetCore.Diagnostics.StatusCodePagesMiddleware.Invoke(HttpContext context)
   at Bookify.Middlewares.RequestCultureMiddleware.InvokeAsync(HttpContext context) in C:\Users\Omar\source\repos\Bookify\Bookify2\Middlewares\RequestCultureMiddleware.cs:line 46
   at Microsoft.AspNetCore.Diagnostics.DeveloperExceptionPageMiddlewareImpl.Invoke(HttpContext context)
10/12/2024 19:24:32 +01:00 HTTP "POST" "/Identity/Account/Login" responded 500 in 24.9120 ms
System.ArgumentNullException: Value cannot be null. (Parameter 'value')
   at System.ComponentModel.DataAnnotations.ValidationContext.set_DisplayName(String value)
   at Microsoft.AspNetCore.Mvc.DataAnnotations.DataAnnotationsModelValidator.Validate(ModelValidationContext validationContext)
   at Microsoft.AspNetCore.Mvc.ModelBinding.Validation.ValidationVisitor.ValidateNode()
   at Microsoft.AspNetCore.Mvc.ModelBinding.Validation.ValidationVisitor.VisitImplementation(ModelMetadata& metadata, String& key, Object model)
   at Microsoft.AspNetCore.Mvc.ModelBinding.Validation.ValidationVisitor.Visit(ModelMetadata metadata, String key, Object model)
   at Microsoft.AspNetCore.Mvc.ModelBinding.Validation.ValidationVisitor.VisitChildren(IValidationStrategy strategy)
   at Microsoft.AspNetCore.Mvc.ModelBinding.Validation.ValidationVisitor.VisitComplexType(IValidationStrategy defaultStrategy)
   at Microsoft.AspNetCore.Mvc.ModelBinding.Validation.ValidationVisitor.VisitImplementation(ModelMetadata& metadata, String& key, Object model)
   at Microsoft.AspNetCore.Mvc.ModelBinding.Validation.ValidationVisitor.Visit(ModelMetadata metadata, String key, Object model)
   at FluentValidation.AspNetCore.FluentValidationVisitor.<>n__1(ModelMetadata metadata, String key, Object model, Boolean alwaysValidateAtTopLevel, Object container)
   at FluentValidation.AspNetCore.FluentValidationVisitor.<>c__DisplayClass2_0.<Validate>g__BaseValidate|0() in /_/src/FluentValidation.AspNetCore/FluentValidationVisitor.cs:line 45
   at FluentValidation.AspNetCore.FluentValidationVisitor.ValidateInternal(ModelMetadata metadata, String key, Object model, Func`1 continuation) in /_/src/FluentValidation.AspNetCore/FluentValidationVisitor.cs:line 63
   at FluentValidation.AspNetCore.FluentValidationVisitor.Validate(ModelMetadata metadata, String key, Object model, Boolean alwaysValidateAtTopLevel, Object container) in /_/src/FluentValidation.AspNetCore/FluentValidationVisitor.cs:line 47
   at Microsoft.AspNetCore.Mvc.ModelBinding.ObjectModelValidator.Validate(ActionContext actionContext, ValidationStateDictionary validationState, String prefix, Object model, ModelMetadata metadata, Object container)
   at Microsoft.AspNetCore.Mvc.ModelBinding.ParameterBinder.EnforceBindRequiredAndValidate(ObjectModelValidator baseObjectValidator, ActionContext actionContext, ParameterDescriptor parameter, ModelMetadata metadata, ModelBindingContext modelBindingContext, ModelBindingResult modelBindingResult, Object container)
   at Microsoft.AspNetCore.Mvc.ModelBinding.ParameterBinder.BindModelAsync(ActionContext actionContext, IModelBinder modelBinder, IValueProvider valueProvider, ParameterDescriptor parameter, ModelMetadata metadata, Object value, Object container)
   at Microsoft.AspNetCore.Mvc.RazorPages.Infrastructure.PageBinderFactory.<>c__DisplayClass2_0.<<CreatePropertyBinder>g__Bind|0>d.MoveNext()
--- End of stack trace from previous location ---
   at Microsoft.AspNetCore.Mvc.RazorPages.Infrastructure.PageActionInvoker.BindArgumentsCoreAsync()
   at Microsoft.AspNetCore.Mvc.RazorPages.Infrastructure.PageActionInvoker.InvokeInnerFilterAsync()
   at Microsoft.AspNetCore.Mvc.Infrastructure.ResourceInvoker.<InvokeNextResourceFilter>g__Awaited|25_0(ResourceInvoker invoker, Task lastTask, State next, Scope scope, Object state, Boolean isCompleted)
   at Microsoft.AspNetCore.Mvc.Infrastructure.ResourceInvoker.Rethrow(ResourceExecutedContextSealed context)
   at Microsoft.AspNetCore.Mvc.Infrastructure.ResourceInvoker.Next(State& next, Scope& scope, Object& state, Boolean& isCompleted)
   at Microsoft.AspNetCore.Mvc.Infrastructure.ResourceInvoker.InvokeFilterPipelineAsync()
--- End of stack trace from previous location ---
   at Microsoft.AspNetCore.Mvc.Infrastructure.ResourceInvoker.<InvokeAsync>g__Awaited|17_0(ResourceInvoker invoker, Task task, IDisposable scope)
   at Microsoft.AspNetCore.Mvc.Infrastructure.ResourceInvoker.<InvokeAsync>g__Awaited|17_0(ResourceInvoker invoker, Task task, IDisposable scope)
   at Microsoft.AspNetCore.Routing.EndpointMiddleware.<Invoke>g__AwaitRequestTask|6_0(Endpoint endpoint, Task requestTask, ILogger logger)
   at Serilog.AspNetCore.RequestLoggingMiddleware.Invoke(HttpContext httpContext)
10/12/2024 19:24:32 +01:00 An unhandled exception has occurred while executing the request.
System.ArgumentNullException: Value cannot be null. (Parameter 'value')
   at System.ComponentModel.DataAnnotations.ValidationContext.set_DisplayName(String value)
   at Microsoft.AspNetCore.Mvc.DataAnnotations.DataAnnotationsModelValidator.Validate(ModelValidationContext validationContext)
   at Microsoft.AspNetCore.Mvc.ModelBinding.Validation.ValidationVisitor.ValidateNode()
   at Microsoft.AspNetCore.Mvc.ModelBinding.Validation.ValidationVisitor.VisitImplementation(ModelMetadata& metadata, String& key, Object model)
   at Microsoft.AspNetCore.Mvc.ModelBinding.Validation.ValidationVisitor.Visit(ModelMetadata metadata, String key, Object model)
   at Microsoft.AspNetCore.Mvc.ModelBinding.Validation.ValidationVisitor.VisitChildren(IValidationStrategy strategy)
   at Microsoft.AspNetCore.Mvc.ModelBinding.Validation.ValidationVisitor.VisitComplexType(IValidationStrategy defaultStrategy)
   at Microsoft.AspNetCore.Mvc.ModelBinding.Validation.ValidationVisitor.VisitImplementation(ModelMetadata& metadata, String& key, Object model)
   at Microsoft.AspNetCore.Mvc.ModelBinding.Validation.ValidationVisitor.Visit(ModelMetadata metadata, String key, Object model)
   at FluentValidation.AspNetCore.FluentValidationVisitor.<>n__1(ModelMetadata metadata, String key, Object model, Boolean alwaysValidateAtTopLevel, Object container)
   at FluentValidation.AspNetCore.FluentValidationVisitor.<>c__DisplayClass2_0.<Validate>g__BaseValidate|0() in /_/src/FluentValidation.AspNetCore/FluentValidationVisitor.cs:line 45
   at FluentValidation.AspNetCore.FluentValidationVisitor.ValidateInternal(ModelMetadata metadata, String key, Object model, Func`1 continuation) in /_/src/FluentValidation.AspNetCore/FluentValidationVisitor.cs:line 63
   at FluentValidation.AspNetCore.FluentValidationVisitor.Validate(ModelMetadata metadata, String key, Object model, Boolean alwaysValidateAtTopLevel, Object container) in /_/src/FluentValidation.AspNetCore/FluentValidationVisitor.cs:line 47
   at Microsoft.AspNetCore.Mvc.ModelBinding.ObjectModelValidator.Validate(ActionContext actionContext, ValidationStateDictionary validationState, String prefix, Object model, ModelMetadata metadata, Object container)
   at Microsoft.AspNetCore.Mvc.ModelBinding.ParameterBinder.EnforceBindRequiredAndValidate(ObjectModelValidator baseObjectValidator, ActionContext actionContext, ParameterDescriptor parameter, ModelMetadata metadata, ModelBindingContext modelBindingContext, ModelBindingResult modelBindingResult, Object container)
   at Microsoft.AspNetCore.Mvc.ModelBinding.ParameterBinder.BindModelAsync(ActionContext actionContext, IModelBinder modelBinder, IValueProvider valueProvider, ParameterDescriptor parameter, ModelMetadata metadata, Object value, Object container)
   at Microsoft.AspNetCore.Mvc.RazorPages.Infrastructure.PageBinderFactory.<>c__DisplayClass2_0.<<CreatePropertyBinder>g__Bind|0>d.MoveNext()
--- End of stack trace from previous location ---
   at Microsoft.AspNetCore.Mvc.RazorPages.Infrastructure.PageActionInvoker.BindArgumentsCoreAsync()
   at Microsoft.AspNetCore.Mvc.RazorPages.Infrastructure.PageActionInvoker.InvokeInnerFilterAsync()
   at Microsoft.AspNetCore.Mvc.Infrastructure.ResourceInvoker.<InvokeNextResourceFilter>g__Awaited|25_0(ResourceInvoker invoker, Task lastTask, State next, Scope scope, Object state, Boolean isCompleted)
   at Microsoft.AspNetCore.Mvc.Infrastructure.ResourceInvoker.Rethrow(ResourceExecutedContextSealed context)
   at Microsoft.AspNetCore.Mvc.Infrastructure.ResourceInvoker.Next(State& next, Scope& scope, Object& state, Boolean& isCompleted)
   at Microsoft.AspNetCore.Mvc.Infrastructure.ResourceInvoker.InvokeFilterPipelineAsync()
--- End of stack trace from previous location ---
   at Microsoft.AspNetCore.Mvc.Infrastructure.ResourceInvoker.<InvokeAsync>g__Awaited|17_0(ResourceInvoker invoker, Task task, IDisposable scope)
   at Microsoft.AspNetCore.Mvc.Infrastructure.ResourceInvoker.<InvokeAsync>g__Awaited|17_0(ResourceInvoker invoker, Task task, IDisposable scope)
   at Microsoft.AspNetCore.Routing.EndpointMiddleware.<Invoke>g__AwaitRequestTask|6_0(Endpoint endpoint, Task requestTask, ILogger logger)
   at Serilog.AspNetCore.RequestLoggingMiddleware.Invoke(HttpContext httpContext)
   at Bookify.Program.<>c.<<Main>b__0_2>d.MoveNext() in C:\Users\Omar\source\repos\Bookify\Bookify2\Program.cs:line 107
--- End of stack trace from previous location ---
   at Microsoft.AspNetCore.Authorization.AuthorizationMiddleware.Invoke(HttpContext context)
   at Microsoft.AspNetCore.Authentication.AuthenticationMiddleware.Invoke(HttpContext context)
   at Bookify.Program.<>c.<<Main>b__0_1>d.MoveNext() in C:\Users\Omar\source\repos\Bookify\Bookify2\Program.cs:line 66
--- End of stack trace from previous location ---
   at Microsoft.AspNetCore.Diagnostics.StatusCodePagesMiddleware.Invoke(HttpContext context)
   at Bookify.Middlewares.RequestCultureMiddleware.InvokeAsync(HttpContext context) in C:\Users\Omar\source\repos\Bookify\Bookify2\Middlewares\RequestCultureMiddleware.cs:line 46
   at Microsoft.AspNetCore.Diagnostics.DeveloperExceptionPageMiddlewareImpl.Invoke(HttpContext context)
10/12/2024 19:26:47 +01:00 HTTP "POST" "/Identity/Account/Login" responded 500 in 28.8590 ms
System.ArgumentNullException: Value cannot be null. (Parameter 'value')
   at System.ComponentModel.DataAnnotations.ValidationContext.set_DisplayName(String value)
   at Microsoft.AspNetCore.Mvc.DataAnnotations.DataAnnotationsModelValidator.Validate(ModelValidationContext validationContext)
   at Microsoft.AspNetCore.Mvc.ModelBinding.Validation.ValidationVisitor.ValidateNode()
   at Microsoft.AspNetCore.Mvc.ModelBinding.Validation.ValidationVisitor.VisitImplementation(ModelMetadata& metadata, String& key, Object model)
   at Microsoft.AspNetCore.Mvc.ModelBinding.Validation.ValidationVisitor.Visit(ModelMetadata metadata, String key, Object model)
   at Microsoft.AspNetCore.Mvc.ModelBinding.Validation.ValidationVisitor.VisitChildren(IValidationStrategy strategy)
   at Microsoft.AspNetCore.Mvc.ModelBinding.Validation.ValidationVisitor.VisitComplexType(IValidationStrategy defaultStrategy)
   at Microsoft.AspNetCore.Mvc.ModelBinding.Validation.ValidationVisitor.VisitImplementation(ModelMetadata& metadata, String& key, Object model)
   at Microsoft.AspNetCore.Mvc.ModelBinding.Validation.ValidationVisitor.Visit(ModelMetadata metadata, String key, Object model)
   at FluentValidation.AspNetCore.FluentValidationVisitor.<>n__1(ModelMetadata metadata, String key, Object model, Boolean alwaysValidateAtTopLevel, Object container)
   at FluentValidation.AspNetCore.FluentValidationVisitor.<>c__DisplayClass2_0.<Validate>g__BaseValidate|0() in /_/src/FluentValidation.AspNetCore/FluentValidationVisitor.cs:line 45
   at FluentValidation.AspNetCore.FluentValidationVisitor.ValidateInternal(ModelMetadata metadata, String key, Object model, Func`1 continuation) in /_/src/FluentValidation.AspNetCore/FluentValidationVisitor.cs:line 63
   at FluentValidation.AspNetCore.FluentValidationVisitor.Validate(ModelMetadata metadata, String key, Object model, Boolean alwaysValidateAtTopLevel, Object container) in /_/src/FluentValidation.AspNetCore/FluentValidationVisitor.cs:line 47
   at Microsoft.AspNetCore.Mvc.ModelBinding.ObjectModelValidator.Validate(ActionContext actionContext, ValidationStateDictionary validationState, String prefix, Object model, ModelMetadata metadata, Object container)
   at Microsoft.AspNetCore.Mvc.ModelBinding.ParameterBinder.EnforceBindRequiredAndValidate(ObjectModelValidator baseObjectValidator, ActionContext actionContext, ParameterDescriptor parameter, ModelMetadata metadata, ModelBindingContext modelBindingContext, ModelBindingResult modelBindingResult, Object container)
   at Microsoft.AspNetCore.Mvc.ModelBinding.ParameterBinder.BindModelAsync(ActionContext actionContext, IModelBinder modelBinder, IValueProvider valueProvider, ParameterDescriptor parameter, ModelMetadata metadata, Object value, Object container)
   at Microsoft.AspNetCore.Mvc.RazorPages.Infrastructure.PageBinderFactory.<>c__DisplayClass2_0.<<CreatePropertyBinder>g__Bind|0>d.MoveNext()
--- End of stack trace from previous location ---
   at Microsoft.AspNetCore.Mvc.RazorPages.Infrastructure.PageActionInvoker.BindArgumentsCoreAsync()
   at Microsoft.AspNetCore.Mvc.RazorPages.Infrastructure.PageActionInvoker.InvokeInnerFilterAsync()
   at Microsoft.AspNetCore.Mvc.Infrastructure.ResourceInvoker.<InvokeNextResourceFilter>g__Awaited|25_0(ResourceInvoker invoker, Task lastTask, State next, Scope scope, Object state, Boolean isCompleted)
   at Microsoft.AspNetCore.Mvc.Infrastructure.ResourceInvoker.Rethrow(ResourceExecutedContextSealed context)
   at Microsoft.AspNetCore.Mvc.Infrastructure.ResourceInvoker.Next(State& next, Scope& scope, Object& state, Boolean& isCompleted)
   at Microsoft.AspNetCore.Mvc.Infrastructure.ResourceInvoker.InvokeFilterPipelineAsync()
--- End of stack trace from previous location ---
   at Microsoft.AspNetCore.Mvc.Infrastructure.ResourceInvoker.<InvokeAsync>g__Awaited|17_0(ResourceInvoker invoker, Task task, IDisposable scope)
   at Microsoft.AspNetCore.Mvc.Infrastructure.ResourceInvoker.<InvokeAsync>g__Awaited|17_0(ResourceInvoker invoker, Task task, IDisposable scope)
   at Microsoft.AspNetCore.Routing.EndpointMiddleware.<Invoke>g__AwaitRequestTask|6_0(Endpoint endpoint, Task requestTask, ILogger logger)
   at Serilog.AspNetCore.RequestLoggingMiddleware.Invoke(HttpContext httpContext)
10/12/2024 19:26:47 +01:00 An unhandled exception has occurred while executing the request.
System.ArgumentNullException: Value cannot be null. (Parameter 'value')
   at System.ComponentModel.DataAnnotations.ValidationContext.set_DisplayName(String value)
   at Microsoft.AspNetCore.Mvc.DataAnnotations.DataAnnotationsModelValidator.Validate(ModelValidationContext validationContext)
   at Microsoft.AspNetCore.Mvc.ModelBinding.Validation.ValidationVisitor.ValidateNode()
   at Microsoft.AspNetCore.Mvc.ModelBinding.Validation.ValidationVisitor.VisitImplementation(ModelMetadata& metadata, String& key, Object model)
   at Microsoft.AspNetCore.Mvc.ModelBinding.Validation.ValidationVisitor.Visit(ModelMetadata metadata, String key, Object model)
   at Microsoft.AspNetCore.Mvc.ModelBinding.Validation.ValidationVisitor.VisitChildren(IValidationStrategy strategy)
   at Microsoft.AspNetCore.Mvc.ModelBinding.Validation.ValidationVisitor.VisitComplexType(IValidationStrategy defaultStrategy)
   at Microsoft.AspNetCore.Mvc.ModelBinding.Validation.ValidationVisitor.VisitImplementation(ModelMetadata& metadata, String& key, Object model)
   at Microsoft.AspNetCore.Mvc.ModelBinding.Validation.ValidationVisitor.Visit(ModelMetadata metadata, String key, Object model)
   at FluentValidation.AspNetCore.FluentValidationVisitor.<>n__1(ModelMetadata metadata, String key, Object model, Boolean alwaysValidateAtTopLevel, Object container)
   at FluentValidation.AspNetCore.FluentValidationVisitor.<>c__DisplayClass2_0.<Validate>g__BaseValidate|0() in /_/src/FluentValidation.AspNetCore/FluentValidationVisitor.cs:line 45
   at FluentValidation.AspNetCore.FluentValidationVisitor.ValidateInternal(ModelMetadata metadata, String key, Object model, Func`1 continuation) in /_/src/FluentValidation.AspNetCore/FluentValidationVisitor.cs:line 63
   at FluentValidation.AspNetCore.FluentValidationVisitor.Validate(ModelMetadata metadata, String key, Object model, Boolean alwaysValidateAtTopLevel, Object container) in /_/src/FluentValidation.AspNetCore/FluentValidationVisitor.cs:line 47
   at Microsoft.AspNetCore.Mvc.ModelBinding.ObjectModelValidator.Validate(ActionContext actionContext, ValidationStateDictionary validationState, String prefix, Object model, ModelMetadata metadata, Object container)
   at Microsoft.AspNetCore.Mvc.ModelBinding.ParameterBinder.EnforceBindRequiredAndValidate(ObjectModelValidator baseObjectValidator, ActionContext actionContext, ParameterDescriptor parameter, ModelMetadata metadata, ModelBindingContext modelBindingContext, ModelBindingResult modelBindingResult, Object container)
   at Microsoft.AspNetCore.Mvc.ModelBinding.ParameterBinder.BindModelAsync(ActionContext actionContext, IModelBinder modelBinder, IValueProvider valueProvider, ParameterDescriptor parameter, ModelMetadata metadata, Object value, Object container)
   at Microsoft.AspNetCore.Mvc.RazorPages.Infrastructure.PageBinderFactory.<>c__DisplayClass2_0.<<CreatePropertyBinder>g__Bind|0>d.MoveNext()
--- End of stack trace from previous location ---
   at Microsoft.AspNetCore.Mvc.RazorPages.Infrastructure.PageActionInvoker.BindArgumentsCoreAsync()
   at Microsoft.AspNetCore.Mvc.RazorPages.Infrastructure.PageActionInvoker.InvokeInnerFilterAsync()
   at Microsoft.AspNetCore.Mvc.Infrastructure.ResourceInvoker.<InvokeNextResourceFilter>g__Awaited|25_0(ResourceInvoker invoker, Task lastTask, State next, Scope scope, Object state, Boolean isCompleted)
   at Microsoft.AspNetCore.Mvc.Infrastructure.ResourceInvoker.Rethrow(ResourceExecutedContextSealed context)
   at Microsoft.AspNetCore.Mvc.Infrastructure.ResourceInvoker.Next(State& next, Scope& scope, Object& state, Boolean& isCompleted)
   at Microsoft.AspNetCore.Mvc.Infrastructure.ResourceInvoker.InvokeFilterPipelineAsync()
--- End of stack trace from previous location ---
   at Microsoft.AspNetCore.Mvc.Infrastructure.ResourceInvoker.<InvokeAsync>g__Awaited|17_0(ResourceInvoker invoker, Task task, IDisposable scope)
   at Microsoft.AspNetCore.Mvc.Infrastructure.ResourceInvoker.<InvokeAsync>g__Awaited|17_0(ResourceInvoker invoker, Task task, IDisposable scope)
   at Microsoft.AspNetCore.Routing.EndpointMiddleware.<Invoke>g__AwaitRequestTask|6_0(Endpoint endpoint, Task requestTask, ILogger logger)
   at Serilog.AspNetCore.RequestLoggingMiddleware.Invoke(HttpContext httpContext)
   at Bookify.Program.<>c.<<Main>b__0_2>d.MoveNext() in C:\Users\Omar\source\repos\Bookify\Bookify2\Program.cs:line 107
--- End of stack trace from previous location ---
   at Microsoft.AspNetCore.Authorization.AuthorizationMiddleware.Invoke(HttpContext context)
   at Microsoft.AspNetCore.Authentication.AuthenticationMiddleware.Invoke(HttpContext context)
   at Bookify.Program.<>c.<<Main>b__0_1>d.MoveNext() in C:\Users\Omar\source\repos\Bookify\Bookify2\Program.cs:line 66
--- End of stack trace from previous location ---
   at Microsoft.AspNetCore.Diagnostics.StatusCodePagesMiddleware.Invoke(HttpContext context)
   at Bookify.Middlewares.RequestCultureMiddleware.InvokeAsync(HttpContext context) in C:\Users\Omar\source\repos\Bookify\Bookify2\Middlewares\RequestCultureMiddleware.cs:line 46
   at Microsoft.AspNetCore.Diagnostics.DeveloperExceptionPageMiddlewareImpl.Invoke(HttpContext context)
10/12/2024 19:26:55 +01:00 An unhandled exception has occurred while executing the request.
System.ArgumentException: An item with the same key has already been added. Key: X-Frame-Options
   at System.Collections.Generic.Dictionary`2.TryInsert(TKey key, TValue value, InsertionBehavior behavior)
   at System.Collections.Generic.Dictionary`2.Add(TKey key, TValue value)
   at Bookify.Program.<>c.<<Main>b__0_1>d.MoveNext() in C:\Users\Omar\source\repos\Bookify\Bookify2\Program.cs:line 65
--- End of stack trace from previous location ---
   at Microsoft.AspNetCore.Builder.StatusCodePagesExtensions.<>c__DisplayClass7_0.<<CreateHandler>b__0>d.MoveNext()
--- End of stack trace from previous location ---
   at Microsoft.AspNetCore.Diagnostics.StatusCodePagesMiddleware.Invoke(HttpContext context)
   at Bookify.Middlewares.RequestCultureMiddleware.InvokeAsync(HttpContext context) in C:\Users\Omar\source\repos\Bookify\Bookify2\Middlewares\RequestCultureMiddleware.cs:line 46
   at Microsoft.AspNetCore.Diagnostics.DeveloperExceptionPageMiddlewareImpl.Invoke(HttpContext context)
10/12/2024 19:26:56 +01:00 An unhandled exception has occurred while executing the request.
System.ArgumentException: An item with the same key has already been added. Key: X-Frame-Options
   at System.Collections.Generic.Dictionary`2.TryInsert(TKey key, TValue value, InsertionBehavior behavior)
   at System.Collections.Generic.Dictionary`2.Add(TKey key, TValue value)
   at Bookify.Program.<>c.<<Main>b__0_1>d.MoveNext() in C:\Users\Omar\source\repos\Bookify\Bookify2\Program.cs:line 65
--- End of stack trace from previous location ---
   at Microsoft.AspNetCore.Builder.StatusCodePagesExtensions.<>c__DisplayClass7_0.<<CreateHandler>b__0>d.MoveNext()
--- End of stack trace from previous location ---
   at Microsoft.AspNetCore.Diagnostics.StatusCodePagesMiddleware.Invoke(HttpContext context)
   at Bookify.Middlewares.RequestCultureMiddleware.InvokeAsync(HttpContext context) in C:\Users\Omar\source\repos\Bookify\Bookify2\Middlewares\RequestCultureMiddleware.cs:line 46
   at Microsoft.AspNetCore.Diagnostics.DeveloperExceptionPageMiddlewareImpl.Invoke(HttpContext context)
10/12/2024 19:51:08 +01:00 An unhandled exception has occurred while executing the request.
System.ArgumentException: An item with the same key has already been added. Key: X-Frame-Options
   at System.Collections.Generic.Dictionary`2.TryInsert(TKey key, TValue value, InsertionBehavior behavior)
   at System.Collections.Generic.Dictionary`2.Add(TKey key, TValue value)
   at Bookify.Program.<>c.<<Main>b__0_1>d.MoveNext() in C:\Users\Omar\source\repos\Bookify\Bookify2\Program.cs:line 65
--- End of stack trace from previous location ---
   at Microsoft.AspNetCore.Builder.StatusCodePagesExtensions.<>c__DisplayClass7_0.<<CreateHandler>b__0>d.MoveNext()
--- End of stack trace from previous location ---
   at Microsoft.AspNetCore.Diagnostics.StatusCodePagesMiddleware.Invoke(HttpContext context)
   at Bookify.Middlewares.RequestCultureMiddleware.InvokeAsync(HttpContext context) in C:\Users\Omar\source\repos\Bookify\Bookify2\Middlewares\RequestCultureMiddleware.cs:line 46
   at Microsoft.AspNetCore.Diagnostics.DeveloperExceptionPageMiddlewareImpl.Invoke(HttpContext context)
10/12/2024 19:53:19 +01:00 An unhandled exception has occurred while executing the request.
System.ArgumentException: An item with the same key has already been added. Key: X-Frame-Options
   at System.Collections.Generic.Dictionary`2.TryInsert(TKey key, TValue value, InsertionBehavior behavior)
   at System.Collections.Generic.Dictionary`2.Add(TKey key, TValue value)
   at Bookify.Program.<>c.<<Main>b__0_1>d.MoveNext() in C:\Users\Omar\source\repos\Bookify\Bookify2\Program.cs:line 65
--- End of stack trace from previous location ---
   at Microsoft.AspNetCore.Builder.StatusCodePagesExtensions.<>c__DisplayClass7_0.<<CreateHandler>b__0>d.MoveNext()
--- End of stack trace from previous location ---
   at Microsoft.AspNetCore.Diagnostics.StatusCodePagesMiddleware.Invoke(HttpContext context)
   at Bookify.Middlewares.RequestCultureMiddleware.InvokeAsync(HttpContext context) in C:\Users\Omar\source\repos\Bookify\Bookify2\Middlewares\RequestCultureMiddleware.cs:line 46
   at Microsoft.AspNetCore.Diagnostics.DeveloperExceptionPageMiddlewareImpl.Invoke(HttpContext context)
10/12/2024 19:53:55 +01:00 An unhandled exception has occurred while executing the request.
System.ArgumentException: An item with the same key has already been added. Key: X-Frame-Options
   at System.Collections.Generic.Dictionary`2.TryInsert(TKey key, TValue value, InsertionBehavior behavior)
   at System.Collections.Generic.Dictionary`2.Add(TKey key, TValue value)
   at Bookify.Program.<>c.<<Main>b__0_1>d.MoveNext() in C:\Users\Omar\source\repos\Bookify\Bookify2\Program.cs:line 65
--- End of stack trace from previous location ---
   at Microsoft.AspNetCore.Builder.StatusCodePagesExtensions.<>c__DisplayClass7_0.<<CreateHandler>b__0>d.MoveNext()
--- End of stack trace from previous location ---
   at Microsoft.AspNetCore.Diagnostics.StatusCodePagesMiddleware.Invoke(HttpContext context)
   at Bookify.Middlewares.RequestCultureMiddleware.InvokeAsync(HttpContext context) in C:\Users\Omar\source\repos\Bookify\Bookify2\Middlewares\RequestCultureMiddleware.cs:line 46
   at Microsoft.AspNetCore.Diagnostics.DeveloperExceptionPageMiddlewareImpl.Invoke(HttpContext context)
10/12/2024 20:48:35 +01:00 An unhandled exception has occurred while executing the request.
System.ArgumentException: An item with the same key has already been added. Key: X-Frame-Options
   at System.Collections.Generic.Dictionary`2.TryInsert(TKey key, TValue value, InsertionBehavior behavior)
   at System.Collections.Generic.Dictionary`2.Add(TKey key, TValue value)
   at Bookify.Program.<>c.<<Main>b__0_1>d.MoveNext() in C:\Users\Omar\source\repos\Bookify\Bookify2\Program.cs:line 65
--- End of stack trace from previous location ---
   at Microsoft.AspNetCore.Builder.StatusCodePagesExtensions.<>c__DisplayClass7_0.<<CreateHandler>b__0>d.MoveNext()
--- End of stack trace from previous location ---
   at Microsoft.AspNetCore.Diagnostics.StatusCodePagesMiddleware.Invoke(HttpContext context)
   at Bookify.Middlewares.RequestCultureMiddleware.InvokeAsync(HttpContext context) in C:\Users\Omar\source\repos\Bookify\Bookify2\Middlewares\RequestCultureMiddleware.cs:line 46
   at Microsoft.AspNetCore.Diagnostics.DeveloperExceptionPageMiddlewareImpl.Invoke(HttpContext context)
10/12/2024 20:49:43 +01:00 An unhandled exception has occurred while executing the request.
System.ArgumentException: An item with the same key has already been added. Key: X-Frame-Options
   at System.Collections.Generic.Dictionary`2.TryInsert(TKey key, TValue value, InsertionBehavior behavior)
   at System.Collections.Generic.Dictionary`2.Add(TKey key, TValue value)
   at Bookify.Program.<>c.<<Main>b__0_1>d.MoveNext() in C:\Users\Omar\source\repos\Bookify\Bookify2\Program.cs:line 65
--- End of stack trace from previous location ---
   at Microsoft.AspNetCore.Builder.StatusCodePagesExtensions.<>c__DisplayClass7_0.<<CreateHandler>b__0>d.MoveNext()
--- End of stack trace from previous location ---
   at Microsoft.AspNetCore.Diagnostics.StatusCodePagesMiddleware.Invoke(HttpContext context)
   at Bookify.Middlewares.RequestCultureMiddleware.InvokeAsync(HttpContext context) in C:\Users\Omar\source\repos\Bookify\Bookify2\Middlewares\RequestCultureMiddleware.cs:line 46
   at Microsoft.AspNetCore.Diagnostics.DeveloperExceptionPageMiddlewareImpl.Invoke(HttpContext context)
10/12/2024 21:21:16 +01:00 An unhandled exception has occurred while executing the request.
System.ArgumentException: An item with the same key has already been added. Key: X-Frame-Options
   at System.Collections.Generic.Dictionary`2.TryInsert(TKey key, TValue value, InsertionBehavior behavior)
   at System.Collections.Generic.Dictionary`2.Add(TKey key, TValue value)
   at Bookify.Program.<>c.<<Main>b__0_1>d.MoveNext() in C:\Users\Omar\source\repos\Bookify\Bookify2\Program.cs:line 65
--- End of stack trace from previous location ---
   at Microsoft.AspNetCore.Builder.StatusCodePagesExtensions.<>c__DisplayClass7_0.<<CreateHandler>b__0>d.MoveNext()
--- End of stack trace from previous location ---
   at Microsoft.AspNetCore.Diagnostics.StatusCodePagesMiddleware.Invoke(HttpContext context)
   at Bookify.Middlewares.RequestCultureMiddleware.InvokeAsync(HttpContext context) in C:\Users\Omar\source\repos\Bookify\Bookify2\Middlewares\RequestCultureMiddleware.cs:line 46
   at Microsoft.AspNetCore.Diagnostics.DeveloperExceptionPageMiddlewareImpl.Invoke(HttpContext context)
10/12/2024 21:23:14 +01:00 An unhandled exception has occurred while executing the request.
System.ArgumentException: An item with the same key has already been added. Key: X-Frame-Options
   at System.Collections.Generic.Dictionary`2.TryInsert(TKey key, TValue value, InsertionBehavior behavior)
   at System.Collections.Generic.Dictionary`2.Add(TKey key, TValue value)
   at Bookify.Program.<>c.<<Main>b__0_1>d.MoveNext() in C:\Users\Omar\source\repos\Bookify\Bookify2\Program.cs:line 65
--- End of stack trace from previous location ---
   at Microsoft.AspNetCore.Builder.StatusCodePagesExtensions.<>c__DisplayClass7_0.<<CreateHandler>b__0>d.MoveNext()
--- End of stack trace from previous location ---
   at Microsoft.AspNetCore.Diagnostics.StatusCodePagesMiddleware.Invoke(HttpContext context)
   at Bookify.Middlewares.RequestCultureMiddleware.InvokeAsync(HttpContext context) in C:\Users\Omar\source\repos\Bookify\Bookify2\Middlewares\RequestCultureMiddleware.cs:line 46
   at Microsoft.AspNetCore.Diagnostics.DeveloperExceptionPageMiddlewareImpl.Invoke(HttpContext context)
10/12/2024 21:31:17 +01:00 HTTP "POST" "/Home/SetLanguage" responded 500 in 86.6054 ms
System.ArgumentNullException: Value cannot be null. (Parameter 'name')
   at System.ArgumentNullException.Throw(String paramName)
   at System.Globalization.CultureInfo..ctor(String name, Boolean useUserOverride)
   at Microsoft.AspNetCore.Localization.RequestCulture..ctor(String culture, String uiCulture)
   at Bookify.Controllers.HomeController.SetLanguage(String culture, String returnUrl) in C:\Users\Omar\source\repos\Bookify\Bookify2\Controllers\HomeController.cs:line 47
   at lambda_method427(Closure, Object, Object[])
   at Microsoft.AspNetCore.Mvc.Infrastructure.ActionMethodExecutor.SyncActionResultExecutor.Execute(ActionContext actionContext, IActionResultTypeMapper mapper, ObjectMethodExecutor executor, Object controller, Object[] arguments)
   at Microsoft.AspNetCore.Mvc.Infrastructure.ControllerActionInvoker.InvokeActionMethodAsync()
   at Microsoft.AspNetCore.Mvc.Infrastructure.ControllerActionInvoker.Next(State& next, Scope& scope, Object& state, Boolean& isCompleted)
   at Microsoft.AspNetCore.Mvc.Infrastructure.ControllerActionInvoker.InvokeNextActionFilterAsync()
--- End of stack trace from previous location ---
   at Microsoft.AspNetCore.Mvc.Infrastructure.ControllerActionInvoker.Rethrow(ActionExecutedContextSealed context)
   at Microsoft.AspNetCore.Mvc.Infrastructure.ControllerActionInvoker.Next(State& next, Scope& scope, Object& state, Boolean& isCompleted)
   at Microsoft.AspNetCore.Mvc.Infrastructure.ControllerActionInvoker.InvokeInnerFilterAsync()
--- End of stack trace from previous location ---
   at Microsoft.AspNetCore.Mvc.Infrastructure.ResourceInvoker.<InvokeNextResourceFilter>g__Awaited|25_0(ResourceInvoker invoker, Task lastTask, State next, Scope scope, Object state, Boolean isCompleted)
   at Microsoft.AspNetCore.Mvc.Infrastructure.ResourceInvoker.Rethrow(ResourceExecutedContextSealed context)
   at Microsoft.AspNetCore.Mvc.Infrastructure.ResourceInvoker.Next(State& next, Scope& scope, Object& state, Boolean& isCompleted)
   at Microsoft.AspNetCore.Mvc.Infrastructure.ResourceInvoker.InvokeFilterPipelineAsync()
--- End of stack trace from previous location ---
   at Microsoft.AspNetCore.Mvc.Infrastructure.ResourceInvoker.<InvokeAsync>g__Awaited|17_0(ResourceInvoker invoker, Task task, IDisposable scope)
   at Microsoft.AspNetCore.Mvc.Infrastructure.ResourceInvoker.<InvokeAsync>g__Awaited|17_0(ResourceInvoker invoker, Task task, IDisposable scope)
   at Microsoft.AspNetCore.Routing.EndpointMiddleware.<Invoke>g__AwaitRequestTask|6_0(Endpoint endpoint, Task requestTask, ILogger logger)
   at Serilog.AspNetCore.RequestLoggingMiddleware.Invoke(HttpContext httpContext)
10/12/2024 21:31:17 +01:00 An unhandled exception has occurred while executing the request.
System.ArgumentNullException: Value cannot be null. (Parameter 'name')
   at System.ArgumentNullException.Throw(String paramName)
   at System.Globalization.CultureInfo..ctor(String name, Boolean useUserOverride)
   at Microsoft.AspNetCore.Localization.RequestCulture..ctor(String culture, String uiCulture)
   at Bookify.Controllers.HomeController.SetLanguage(String culture, String returnUrl) in C:\Users\Omar\source\repos\Bookify\Bookify2\Controllers\HomeController.cs:line 47
   at lambda_method427(Closure, Object, Object[])
   at Microsoft.AspNetCore.Mvc.Infrastructure.ActionMethodExecutor.SyncActionResultExecutor.Execute(ActionContext actionContext, IActionResultTypeMapper mapper, ObjectMethodExecutor executor, Object controller, Object[] arguments)
   at Microsoft.AspNetCore.Mvc.Infrastructure.ControllerActionInvoker.InvokeActionMethodAsync()
   at Microsoft.AspNetCore.Mvc.Infrastructure.ControllerActionInvoker.Next(State& next, Scope& scope, Object& state, Boolean& isCompleted)
   at Microsoft.AspNetCore.Mvc.Infrastructure.ControllerActionInvoker.InvokeNextActionFilterAsync()
--- End of stack trace from previous location ---
   at Microsoft.AspNetCore.Mvc.Infrastructure.ControllerActionInvoker.Rethrow(ActionExecutedContextSealed context)
   at Microsoft.AspNetCore.Mvc.Infrastructure.ControllerActionInvoker.Next(State& next, Scope& scope, Object& state, Boolean& isCompleted)
   at Microsoft.AspNetCore.Mvc.Infrastructure.ControllerActionInvoker.InvokeInnerFilterAsync()
--- End of stack trace from previous location ---
   at Microsoft.AspNetCore.Mvc.Infrastructure.ResourceInvoker.<InvokeNextResourceFilter>g__Awaited|25_0(ResourceInvoker invoker, Task lastTask, State next, Scope scope, Object state, Boolean isCompleted)
   at Microsoft.AspNetCore.Mvc.Infrastructure.ResourceInvoker.Rethrow(ResourceExecutedContextSealed context)
   at Microsoft.AspNetCore.Mvc.Infrastructure.ResourceInvoker.Next(State& next, Scope& scope, Object& state, Boolean& isCompleted)
   at Microsoft.AspNetCore.Mvc.Infrastructure.ResourceInvoker.InvokeFilterPipelineAsync()
--- End of stack trace from previous location ---
   at Microsoft.AspNetCore.Mvc.Infrastructure.ResourceInvoker.<InvokeAsync>g__Awaited|17_0(ResourceInvoker invoker, Task task, IDisposable scope)
   at Microsoft.AspNetCore.Mvc.Infrastructure.ResourceInvoker.<InvokeAsync>g__Awaited|17_0(ResourceInvoker invoker, Task task, IDisposable scope)
   at Microsoft.AspNetCore.Routing.EndpointMiddleware.<Invoke>g__AwaitRequestTask|6_0(Endpoint endpoint, Task requestTask, ILogger logger)
   at Serilog.AspNetCore.RequestLoggingMiddleware.Invoke(HttpContext httpContext)
   at Bookify.Program.<>c.<<Main>b__0_2>d.MoveNext() in C:\Users\Omar\source\repos\Bookify\Bookify2\Program.cs:line 107
--- End of stack trace from previous location ---
   at Microsoft.AspNetCore.Authorization.AuthorizationMiddleware.Invoke(HttpContext context)
   at Microsoft.AspNetCore.Authentication.AuthenticationMiddleware.Invoke(HttpContext context)
   at Bookify.Program.<>c.<<Main>b__0_1>d.MoveNext() in C:\Users\Omar\source\repos\Bookify\Bookify2\Program.cs:line 66
--- End of stack trace from previous location ---
   at Microsoft.AspNetCore.Diagnostics.StatusCodePagesMiddleware.Invoke(HttpContext context)
   at Bookify.Middlewares.RequestCultureMiddleware.InvokeAsync(HttpContext context) in C:\Users\Omar\source\repos\Bookify\Bookify2\Middlewares\RequestCultureMiddleware.cs:line 46
   at Microsoft.AspNetCore.Diagnostics.DeveloperExceptionPageMiddlewareImpl.Invoke(HttpContext context)
10/12/2024 21:40:17 +01:00 An unhandled exception has occurred while executing the request.
System.ArgumentException: An item with the same key has already been added. Key: X-Frame-Options
   at System.Collections.Generic.Dictionary`2.TryInsert(TKey key, TValue value, InsertionBehavior behavior)
   at System.Collections.Generic.Dictionary`2.Add(TKey key, TValue value)
   at Bookify.Program.<>c.<<Main>b__0_1>d.MoveNext() in C:\Users\Omar\source\repos\Bookify\Bookify2\Program.cs:line 65
--- End of stack trace from previous location ---
   at Microsoft.AspNetCore.Builder.StatusCodePagesExtensions.<>c__DisplayClass7_0.<<CreateHandler>b__0>d.MoveNext()
--- End of stack trace from previous location ---
   at Microsoft.AspNetCore.Diagnostics.StatusCodePagesMiddleware.Invoke(HttpContext context)
   at Bookify.Middlewares.RequestCultureMiddleware.InvokeAsync(HttpContext context) in C:\Users\Omar\source\repos\Bookify\Bookify2\Middlewares\RequestCultureMiddleware.cs:line 46
   at Microsoft.AspNetCore.Diagnostics.DeveloperExceptionPageMiddlewareImpl.Invoke(HttpContext context)
10/12/2024 21:41:00 +01:00 An unhandled exception has occurred while executing the request.
System.ArgumentException: An item with the same key has already been added. Key: X-Frame-Options
   at System.Collections.Generic.Dictionary`2.TryInsert(TKey key, TValue value, InsertionBehavior behavior)
   at System.Collections.Generic.Dictionary`2.Add(TKey key, TValue value)
   at Bookify.Program.<>c.<<Main>b__0_1>d.MoveNext() in C:\Users\Omar\source\repos\Bookify\Bookify2\Program.cs:line 65
--- End of stack trace from previous location ---
   at Microsoft.AspNetCore.Builder.StatusCodePagesExtensions.<>c__DisplayClass7_0.<<CreateHandler>b__0>d.MoveNext()
--- End of stack trace from previous location ---
   at Microsoft.AspNetCore.Diagnostics.StatusCodePagesMiddleware.Invoke(HttpContext context)
   at Bookify.Middlewares.RequestCultureMiddleware.InvokeAsync(HttpContext context) in C:\Users\Omar\source\repos\Bookify\Bookify2\Middlewares\RequestCultureMiddleware.cs:line 46
   at Microsoft.AspNetCore.Diagnostics.DeveloperExceptionPageMiddlewareImpl.Invoke(HttpContext context)
10/12/2024 21:55:37 +01:00 An unhandled exception has occurred while executing the request.
System.ArgumentException: An item with the same key has already been added. Key: X-Frame-Options
   at System.Collections.Generic.Dictionary`2.TryInsert(TKey key, TValue value, InsertionBehavior behavior)
   at System.Collections.Generic.Dictionary`2.Add(TKey key, TValue value)
   at Bookify.Program.<>c.<<Main>b__0_1>d.MoveNext() in C:\Users\Omar\source\repos\Bookify\Bookify2\Program.cs:line 65
--- End of stack trace from previous location ---
   at Microsoft.AspNetCore.Builder.StatusCodePagesExtensions.<>c__DisplayClass7_0.<<CreateHandler>b__0>d.MoveNext()
--- End of stack trace from previous location ---
   at Microsoft.AspNetCore.Diagnostics.StatusCodePagesMiddleware.Invoke(HttpContext context)
   at Bookify.Middlewares.RequestCultureMiddleware.InvokeAsync(HttpContext context) in C:\Users\Omar\source\repos\Bookify\Bookify2\Middlewares\RequestCultureMiddleware.cs:line 46
   at Microsoft.AspNetCore.Diagnostics.DeveloperExceptionPageMiddlewareImpl.Invoke(HttpContext context)
10/12/2024 21:57:04 +01:00 An unhandled exception has occurred while executing the request.
System.ArgumentException: An item with the same key has already been added. Key: X-Frame-Options
   at System.Collections.Generic.Dictionary`2.TryInsert(TKey key, TValue value, InsertionBehavior behavior)
   at System.Collections.Generic.Dictionary`2.Add(TKey key, TValue value)
   at Bookify.Program.<>c.<<Main>b__0_1>d.MoveNext() in C:\Users\Omar\source\repos\Bookify\Bookify2\Program.cs:line 65
--- End of stack trace from previous location ---
   at Microsoft.AspNetCore.Builder.StatusCodePagesExtensions.<>c__DisplayClass7_0.<<CreateHandler>b__0>d.MoveNext()
--- End of stack trace from previous location ---
   at Microsoft.AspNetCore.Diagnostics.StatusCodePagesMiddleware.Invoke(HttpContext context)
   at Bookify.Middlewares.RequestCultureMiddleware.InvokeAsync(HttpContext context) in C:\Users\Omar\source\repos\Bookify\Bookify2\Middlewares\RequestCultureMiddleware.cs:line 46
   at Microsoft.AspNetCore.Diagnostics.DeveloperExceptionPageMiddlewareImpl.Invoke(HttpContext context)
10/12/2024 21:57:53 +01:00 An unhandled exception has occurred while executing the request.
System.ArgumentException: An item with the same key has already been added. Key: X-Frame-Options
   at System.Collections.Generic.Dictionary`2.TryInsert(TKey key, TValue value, InsertionBehavior behavior)
   at System.Collections.Generic.Dictionary`2.Add(TKey key, TValue value)
   at Bookify.Program.<>c.<<Main>b__0_1>d.MoveNext() in C:\Users\Omar\source\repos\Bookify\Bookify2\Program.cs:line 65
--- End of stack trace from previous location ---
   at Microsoft.AspNetCore.Builder.StatusCodePagesExtensions.<>c__DisplayClass7_0.<<CreateHandler>b__0>d.MoveNext()
--- End of stack trace from previous location ---
   at Microsoft.AspNetCore.Diagnostics.StatusCodePagesMiddleware.Invoke(HttpContext context)
   at Bookify.Middlewares.RequestCultureMiddleware.InvokeAsync(HttpContext context) in C:\Users\Omar\source\repos\Bookify\Bookify2\Middlewares\RequestCultureMiddleware.cs:line 46
   at Microsoft.AspNetCore.Diagnostics.DeveloperExceptionPageMiddlewareImpl.Invoke(HttpContext context)
10/12/2024 22:01:05 +01:00 An unhandled exception has occurred while executing the request.
System.ArgumentException: An item with the same key has already been added. Key: X-Frame-Options
   at System.Collections.Generic.Dictionary`2.TryInsert(TKey key, TValue value, InsertionBehavior behavior)
   at System.Collections.Generic.Dictionary`2.Add(TKey key, TValue value)
   at Bookify.Program.<>c.<<Main>b__0_1>d.MoveNext() in C:\Users\Omar\source\repos\Bookify\Bookify2\Program.cs:line 66
--- End of stack trace from previous location ---
   at Microsoft.AspNetCore.Builder.StatusCodePagesExtensions.<>c__DisplayClass7_0.<<CreateHandler>b__0>d.MoveNext()
--- End of stack trace from previous location ---
   at Microsoft.AspNetCore.Diagnostics.StatusCodePagesMiddleware.Invoke(HttpContext context)
   at Bookify.Middlewares.RequestCultureMiddleware.InvokeAsync(HttpContext context) in C:\Users\Omar\source\repos\Bookify\Bookify2\Middlewares\RequestCultureMiddleware.cs:line 46
   at Microsoft.AspNetCore.Diagnostics.DeveloperExceptionPageMiddlewareImpl.Invoke(HttpContext context)
10/12/2024 22:01:18 +01:00 An unhandled exception has occurred while executing the request.
System.ArgumentException: An item with the same key has already been added. Key: X-Frame-Options
   at System.Collections.Generic.Dictionary`2.TryInsert(TKey key, TValue value, InsertionBehavior behavior)
   at System.Collections.Generic.Dictionary`2.Add(TKey key, TValue value)
   at Bookify.Program.<>c.<<Main>b__0_1>d.MoveNext() in C:\Users\Omar\source\repos\Bookify\Bookify2\Program.cs:line 66
--- End of stack trace from previous location ---
   at Microsoft.AspNetCore.Builder.StatusCodePagesExtensions.<>c__DisplayClass7_0.<<CreateHandler>b__0>d.MoveNext()
--- End of stack trace from previous location ---
   at Microsoft.AspNetCore.Diagnostics.StatusCodePagesMiddleware.Invoke(HttpContext context)
   at Bookify.Middlewares.RequestCultureMiddleware.InvokeAsync(HttpContext context) in C:\Users\Omar\source\repos\Bookify\Bookify2\Middlewares\RequestCultureMiddleware.cs:line 46
   at Microsoft.AspNetCore.Diagnostics.DeveloperExceptionPageMiddlewareImpl.Invoke(HttpContext context)
10/12/2024 22:01:23 +01:00 An unhandled exception has occurred while executing the request.
System.ArgumentException: An item with the same key has already been added. Key: X-Frame-Options
   at System.Collections.Generic.Dictionary`2.TryInsert(TKey key, TValue value, InsertionBehavior behavior)
   at System.Collections.Generic.Dictionary`2.Add(TKey key, TValue value)
   at Bookify.Program.<>c.<<Main>b__0_1>d.MoveNext() in C:\Users\Omar\source\repos\Bookify\Bookify2\Program.cs:line 66
--- End of stack trace from previous location ---
   at Microsoft.AspNetCore.Builder.StatusCodePagesExtensions.<>c__DisplayClass7_0.<<CreateHandler>b__0>d.MoveNext()
--- End of stack trace from previous location ---
   at Microsoft.AspNetCore.Diagnostics.StatusCodePagesMiddleware.Invoke(HttpContext context)
   at Bookify.Middlewares.RequestCultureMiddleware.InvokeAsync(HttpContext context) in C:\Users\Omar\source\repos\Bookify\Bookify2\Middlewares\RequestCultureMiddleware.cs:line 46
   at Microsoft.AspNetCore.Diagnostics.DeveloperExceptionPageMiddlewareImpl.Invoke(HttpContext context)
10/12/2024 22:04:20 +01:00 An unhandled exception has occurred while executing the request.
System.ArgumentException: An item with the same key has already been added. Key: X-Frame-Options
   at System.Collections.Generic.Dictionary`2.TryInsert(TKey key, TValue value, InsertionBehavior behavior)
   at System.Collections.Generic.Dictionary`2.Add(TKey key, TValue value)
   at Bookify.Program.<>c.<<Main>b__0_1>d.MoveNext() in C:\Users\Omar\source\repos\Bookify\Bookify2\Program.cs:line 66
--- End of stack trace from previous location ---
   at Microsoft.AspNetCore.Builder.StatusCodePagesExtensions.<>c__DisplayClass7_0.<<CreateHandler>b__0>d.MoveNext()
--- End of stack trace from previous location ---
   at Microsoft.AspNetCore.Diagnostics.StatusCodePagesMiddleware.Invoke(HttpContext context)
   at Bookify.Middlewares.RequestCultureMiddleware.InvokeAsync(HttpContext context) in C:\Users\Omar\source\repos\Bookify\Bookify2\Middlewares\RequestCultureMiddleware.cs:line 46
   at Microsoft.AspNetCore.Diagnostics.DeveloperExceptionPageMiddlewareImpl.Invoke(HttpContext context)
